<?xml version="1.0" encoding="UTF-8"?>
<!-- Generated by org.testng.reporters.JUnitXMLReporter -->
<testsuite hostname="Admins-MacBook-Pro.local" ignored="0" name="Test" tests="1" failures="1" timestamp="2020-06-03T22:49:19 IST" time="31.204" errors="0">
  <testcase name="sampleTest" time="6.993" classname="automation.palatable.TestCases.TestCase_Sample001">
    <failure type="java.lang.AssertionError" message="did not expect to find [true] but found [false]">
      <![CDATA[java.lang.AssertionError: did not expect to find [true] but found [false]
at automation.palatable.TestCases.TestCase_Sample001.sampleTest(TestCase_Sample001.java:65)
at java.util.ArrayList.forEach(ArrayList.java:1257)
... Removed 31 stack frames]]>
    </failure>
  </testcase> <!-- sampleTest -->
</testsuite> <!-- Test -->
